Determining if the pthread_create exist failed with the following output:
Change Dir: /home/ubuntu/catkin_ws/src/autonomous_ship/build/CMakeFiles/CMakeTmp

Run Build Command:"/usr/bin/ninja" "cmTC_c3ffc"
[1/2] Building C object CMakeFiles/cmTC_c3ffc.dir/CheckSymbolExists.c.o
[2/2] Linking C executable cmTC_c3ffc
FAILED: cmTC_c3ffc 
: && /usr/bin/gcc-7   -rdynamic CMakeFiles/cmTC_c3ffc.dir/CheckSymbolExists.c.o  -o cmTC_c3ffc   && :
CMakeFiles/cmTC_c3ffc.dir/CheckSymbolExists.c.o: In function `main':
CheckSymbolExists.c:(.text+0x14): undefined reference to `pthread_create'
CheckSymbolExists.c:(.text+0x18): undefined reference to `pthread_create'
collect2: error: ld returned 1 exit status
ninja: build stopped: subcommand failed.

File /home/ubuntu/catkin_ws/src/autonomous_ship/build/CMakeFiles/CMakeTmp/CheckSymbolExists.c:
/* */
#include <pthread.h>

int main(int argc, char** argv)
{
  (void)argv;
#ifndef pthread_create
  return ((int*)(&pthread_create))[argc];
#else
  (void)argc;
  return 0;
#endif
}

Determining if the function pthread_create exists in the pthreads failed with the following output:
Change Dir: /home/ubuntu/catkin_ws/src/autonomous_ship/build/CMakeFiles/CMakeTmp

Run Build Command:"/usr/bin/ninja" "cmTC_ecf9e"
[1/2] Building C object CMakeFiles/cmTC_ecf9e.dir/CheckFunctionExists.c.o
[2/2] Linking C executable cmTC_ecf9e
FAILED: cmTC_ecf9e 
: && /usr/bin/gcc-7 -DCHECK_FUNCTION_EXISTS=pthread_create  -rdynamic CMakeFiles/cmTC_ecf9e.dir/CheckFunctionExists.c.o  -o cmTC_ecf9e  -lpthreads && :
/usr/bin/ld: cannot find -lpthreads
collect2: error: ld returned 1 exit status
ninja: build stopped: subcommand failed.


